

Microchip MPLAB XC8 Assembler V2.32 build 20210201212658 
                                                                                               Fri Sep 10 01:44:21 2021

Microchip MPLAB XC8 C Compiler v2.32 (Free license) build 20210201212658 Og1 
     1                           	processor	16F887
     2                           	pagewidth 120
     3                           	opt	flic
     4                           	psect	idataBANK0,global,class=CODE,delta=2,noexec
     5                           	psect	cinit,global,class=CODE,merge=1,delta=2
     6                           	psect	bssCOMMON,global,class=COMMON,space=1,delta=1,noexec
     7                           	psect	bssBANK0,global,class=BANK0,space=1,delta=1,noexec
     8                           	psect	dataBANK0,global,class=BANK0,space=1,delta=1,noexec
     9                           	psect	inittext,global,class=CODE,delta=2
    10                           	psect	cstackCOMMON,global,class=COMMON,space=1,delta=1,noexec
    11                           	psect	cstackBANK0,global,class=BANK0,space=1,delta=1,noexec
    12                           	psect	maintext,global,class=CODE,split=1,delta=2
    13                           	psect	text1,local,class=CODE,merge=1,delta=2
    14                           	psect	text2,local,class=CODE,merge=1,delta=2
    15                           	psect	text3,local,class=CODE,merge=1,delta=2
    16                           	psect	text4,local,class=CODE,merge=1,delta=2
    17                           	psect	text5,local,class=CODE,merge=1,delta=2
    18                           	psect	text6,local,class=CODE,merge=1,delta=2
    19                           	psect	text7,local,class=CODE,merge=1,delta=2
    20                           	psect	intentry,global,class=CODE,delta=2
    21                           	psect	config,global,abs,ovrld,class=CONFIG,space=4,delta=2,noexec
    22                           	dabs	1,0x7E,2
    23  0000                     
    24                           ; Version 2.20
    25                           ; Generated 12/02/2020 GMT
    26                           ; 
    27                           ; Copyright © 2020, Microchip Technology Inc. and its subsidiaries ("Microchip")
    28                           ; All rights reserved.
    29                           ; 
    30                           ; This software is developed by Microchip Technology Inc. and its subsidiaries ("Microch
      +                          ip").
    31                           ; 
    32                           ; Redistribution and use in source and binary forms, with or without modification, are
    33                           ; permitted provided that the following conditions are met:
    34                           ; 
    35                           ;     1. Redistributions of source code must retain the above copyright notice, this lis
      +                          t of
    36                           ;        conditions and the following disclaimer.
    37                           ; 
    38                           ;     2. Redistributions in binary form must reproduce the above copyright notice, this 
      +                          list
    39                           ;        of conditions and the following disclaimer in the documentation and/or other
    40                           ;        materials provided with the distribution.
    41                           ; 
    42                           ;     3. Microchip's name may not be used to endorse or promote products derived from th
      +                          is
    43                           ;        software without specific prior written permission.
    44                           ; 
    45                           ; THIS SOFTWARE IS PROVIDED BY MICROCHIP "AS IS" AND ANY EXPRESS OR IMPLIED WARRANTIES,
    46                           ; INCLUDING, BUT NOT LIMITED TO, THE IMPLIED WARRANTIES OF MERCHANTABILITY AND FITNESS F
      +                          OR
    47                           ; PURPOSE ARE DISCLAIMED.  IN NO EVENT SHALL MICROCHIP BE LIABLE FOR ANY DIRECT, INDIREC
      +                          T,
    48                           ; INCIDENTAL, SPECIAL, EXEMPLARY, OR CONSEQUENTIAL DAMAGES (INCLUDING BUT NOT LIMITED TO
    49                           ; PROCUREMENT OF SUBSTITUTE GOODS OR SERVICES; LOSS OF USE, DATA OR PROFITS; OR BUSINESS
    50                           ; INTERRUPTION) HOWSOEVER CAUSED AND ON ANY THEORY OF LIABILITY, WHETHER IN CONTRACT, ST
      +                          RICT
    51                           ; LIABILITY, OR TORT (INCLUDING NEGLIGENCE OR OTHERWISE) ARISING IN ANY WAY OUT OF THE U
      +                          SE OF
    52                           ; THIS SOFTWARE, EVEN IF ADVISED OF THE POSSIBILITY OF SUCH DAMAGE.
    53                           ; 
    54                           ; 
    55                           ; Code-generator required, PIC16F887 Definitions
    56                           ; 
    57                           ; SFR Addresses
    58  0000                     	;# 
    59  0001                     	;# 
    60  0002                     	;# 
    61  0003                     	;# 
    62  0004                     	;# 
    63  0005                     	;# 
    64  0006                     	;# 
    65  0007                     	;# 
    66  0008                     	;# 
    67  0009                     	;# 
    68  000A                     	;# 
    69  000B                     	;# 
    70  000C                     	;# 
    71  000D                     	;# 
    72  000E                     	;# 
    73  000E                     	;# 
    74  000F                     	;# 
    75  0010                     	;# 
    76  0011                     	;# 
    77  0012                     	;# 
    78  0013                     	;# 
    79  0014                     	;# 
    80  0015                     	;# 
    81  0015                     	;# 
    82  0016                     	;# 
    83  0017                     	;# 
    84  0018                     	;# 
    85  0019                     	;# 
    86  001A                     	;# 
    87  001B                     	;# 
    88  001B                     	;# 
    89  001C                     	;# 
    90  001D                     	;# 
    91  001E                     	;# 
    92  001F                     	;# 
    93  0081                     	;# 
    94  0085                     	;# 
    95  0086                     	;# 
    96  0087                     	;# 
    97  0088                     	;# 
    98  0089                     	;# 
    99  008C                     	;# 
   100  008D                     	;# 
   101  008E                     	;# 
   102  008F                     	;# 
   103  0090                     	;# 
   104  0091                     	;# 
   105  0092                     	;# 
   106  0093                     	;# 
   107  0093                     	;# 
   108  0093                     	;# 
   109  0094                     	;# 
   110  0095                     	;# 
   111  0096                     	;# 
   112  0097                     	;# 
   113  0098                     	;# 
   114  0099                     	;# 
   115  009A                     	;# 
   116  009B                     	;# 
   117  009C                     	;# 
   118  009D                     	;# 
   119  009E                     	;# 
   120  009F                     	;# 
   121  0105                     	;# 
   122  0107                     	;# 
   123  0108                     	;# 
   124  0109                     	;# 
   125  010C                     	;# 
   126  010C                     	;# 
   127  010D                     	;# 
   128  010E                     	;# 
   129  010F                     	;# 
   130  0185                     	;# 
   131  0187                     	;# 
   132  0188                     	;# 
   133  0189                     	;# 
   134  018C                     	;# 
   135  018D                     	;# 
   136  0000                     	;# 
   137  0001                     	;# 
   138  0002                     	;# 
   139  0003                     	;# 
   140  0004                     	;# 
   141  0005                     	;# 
   142  0006                     	;# 
   143  0007                     	;# 
   144  0008                     	;# 
   145  0009                     	;# 
   146  000A                     	;# 
   147  000B                     	;# 
   148  000C                     	;# 
   149  000D                     	;# 
   150  000E                     	;# 
   151  000E                     	;# 
   152  000F                     	;# 
   153  0010                     	;# 
   154  0011                     	;# 
   155  0012                     	;# 
   156  0013                     	;# 
   157  0014                     	;# 
   158  0015                     	;# 
   159  0015                     	;# 
   160  0016                     	;# 
   161  0017                     	;# 
   162  0018                     	;# 
   163  0019                     	;# 
   164  001A                     	;# 
   165  001B                     	;# 
   166  001B                     	;# 
   167  001C                     	;# 
   168  001D                     	;# 
   169  001E                     	;# 
   170  001F                     	;# 
   171  0081                     	;# 
   172  0085                     	;# 
   173  0086                     	;# 
   174  0087                     	;# 
   175  0088                     	;# 
   176  0089                     	;# 
   177  008C                     	;# 
   178  008D                     	;# 
   179  008E                     	;# 
   180  008F                     	;# 
   181  0090                     	;# 
   182  0091                     	;# 
   183  0092                     	;# 
   184  0093                     	;# 
   185  0093                     	;# 
   186  0093                     	;# 
   187  0094                     	;# 
   188  0095                     	;# 
   189  0096                     	;# 
   190  0097                     	;# 
   191  0098                     	;# 
   192  0099                     	;# 
   193  009A                     	;# 
   194  009B                     	;# 
   195  009C                     	;# 
   196  009D                     	;# 
   197  009E                     	;# 
   198  009F                     	;# 
   199  0105                     	;# 
   200  0107                     	;# 
   201  0108                     	;# 
   202  0109                     	;# 
   203  010C                     	;# 
   204  010C                     	;# 
   205  010D                     	;# 
   206  010E                     	;# 
   207  010F                     	;# 
   208  0185                     	;# 
   209  0187                     	;# 
   210  0188                     	;# 
   211  0189                     	;# 
   212  018C                     	;# 
   213  018D                     	;# 
   214  0000                     	;# 
   215  0001                     	;# 
   216  0002                     	;# 
   217  0003                     	;# 
   218  0004                     	;# 
   219  0005                     	;# 
   220  0006                     	;# 
   221  0007                     	;# 
   222  0008                     	;# 
   223  0009                     	;# 
   224  000A                     	;# 
   225  000B                     	;# 
   226  000C                     	;# 
   227  000D                     	;# 
   228  000E                     	;# 
   229  000E                     	;# 
   230  000F                     	;# 
   231  0010                     	;# 
   232  0011                     	;# 
   233  0012                     	;# 
   234  0013                     	;# 
   235  0014                     	;# 
   236  0015                     	;# 
   237  0015                     	;# 
   238  0016                     	;# 
   239  0017                     	;# 
   240  0018                     	;# 
   241  0019                     	;# 
   242  001A                     	;# 
   243  001B                     	;# 
   244  001B                     	;# 
   245  001C                     	;# 
   246  001D                     	;# 
   247  001E                     	;# 
   248  001F                     	;# 
   249  0081                     	;# 
   250  0085                     	;# 
   251  0086                     	;# 
   252  0087                     	;# 
   253  0088                     	;# 
   254  0089                     	;# 
   255  008C                     	;# 
   256  008D                     	;# 
   257  008E                     	;# 
   258  008F                     	;# 
   259  0090                     	;# 
   260  0091                     	;# 
   261  0092                     	;# 
   262  0093                     	;# 
   263  0093                     	;# 
   264  0093                     	;# 
   265  0094                     	;# 
   266  0095                     	;# 
   267  0096                     	;# 
   268  0097                     	;# 
   269  0098                     	;# 
   270  0099                     	;# 
   271  009A                     	;# 
   272  009B                     	;# 
   273  009C                     	;# 
   274  009D                     	;# 
   275  009E                     	;# 
   276  009F                     	;# 
   277  0105                     	;# 
   278  0107                     	;# 
   279  0108                     	;# 
   280  0109                     	;# 
   281  010C                     	;# 
   282  010C                     	;# 
   283  010D                     	;# 
   284  010E                     	;# 
   285  010F                     	;# 
   286  0185                     	;# 
   287  0187                     	;# 
   288  0188                     	;# 
   289  0189                     	;# 
   290  018C                     	;# 
   291  018D                     	;# 
   292                           
   293                           	psect	idataBANK0
   294  0224                     __pidataBANK0:
   295                           
   296                           ;initializer for _retorno
   297  0224  3409               	retlw	9
   298  0225  3401               	retlw	1
   299  0226  3403               	retlw	3
   300  0227  3402               	retlw	2
   301  0228  3406               	retlw	6
   302  0229  3404               	retlw	4
   303  022A  340C               	retlw	12
   304  022B  3408               	retlw	8
   305                           
   306                           ;initializer for _encendido
   307  022C  3408               	retlw	8
   308  022D  340C               	retlw	12
   309  022E  3404               	retlw	4
   310  022F  3406               	retlw	6
   311  0230  3402               	retlw	2
   312  0231  3403               	retlw	3
   313  0232  3401               	retlw	1
   314  0233  3409               	retlw	9
   315  0006                     _PORTBbits	set	6
   316  0008                     _PORTD	set	8
   317  0005                     _PORTA	set	5
   318  0006                     _PORTB	set	6
   319  000B                     _INTCONbits	set	11
   320  008F                     _OSCCONbits	set	143
   321  0096                     _IOCBbits	set	150
   322  0095                     _WPUBbits	set	149
   323  0081                     _OPTION_REGbits	set	129
   324  0088                     _TRISD	set	136
   325  0086                     _TRISBbits	set	134
   326  0085                     _TRISA	set	133
   327  0189                     _ANSELH	set	393
   328  0188                     _ANSEL	set	392
   329                           
   330                           	psect	cinit
   331  0011                     start_initialization:	
   332                           ; #config settings
   333                           
   334  0011                     __initialization:
   335                           
   336                           ; Initialize objects allocated to BANK0
   337  0011  1383               	bcf	3,7	;select IRP bank0
   338  0012  3030               	movlw	low (__pdataBANK0+16)
   339  0013  00FD               	movwf	btemp+-1
   340  0014  3002               	movlw	high __pidataBANK0
   341  0015  00FE               	movwf	btemp
   342  0016  3024               	movlw	low __pidataBANK0
   343  0017  00FF               	movwf	btemp+1
   344  0018  3020               	movlw	low __pdataBANK0
   345  0019  0084               	movwf	4
   346  001A  120A  118A  2215  120A  118A  	fcall	init_ram0
   347                           
   348                           ; Clear objects allocated to BANK0
   349  001F  01B4               	clrf	__pbssBANK0& (0+127)
   350                           
   351                           ; Clear objects allocated to COMMON
   352  0020  01F0               	clrf	__pbssCOMMON& (0+127)
   353  0021  01F1               	clrf	(__pbssCOMMON+1)& (0+127)
   354  0022  01F2               	clrf	(__pbssCOMMON+2)& (0+127)
   355  0023  01F3               	clrf	(__pbssCOMMON+3)& (0+127)
   356  0024  01F4               	clrf	(__pbssCOMMON+4)& (0+127)
   357  0025  01F5               	clrf	(__pbssCOMMON+5)& (0+127)
   358  0026                     end_of_initialization:	
   359                           ;End of C runtime variable initialization code
   360                           
   361  0026                     __end_of__initialization:
   362  0026  0183               	clrf	3
   363  0027  120A  118A  282A   	ljmp	_main	;jump to C main() function
   364                           
   365                           	psect	bssCOMMON
   366  0070                     __pbssCOMMON:
   367  0070                     _bot_retorno:
   368  0070                     	ds	1
   369  0071                     _bot_apagado:
   370  0071                     	ds	1
   371  0072                     _bot_encendido:
   372  0072                     	ds	1
   373  0073                     _antirrebote3:
   374  0073                     	ds	1
   375  0074                     _antirrebote2:
   376  0074                     	ds	1
   377  0075                     _antirrebote1:
   378  0075                     	ds	1
   379                           
   380                           	psect	bssBANK0
   381  0034                     __pbssBANK0:
   382  0034                     _apagado:
   383  0034                     	ds	1
   384                           
   385                           	psect	dataBANK0
   386  0020                     __pdataBANK0:
   387  0020                     _retorno:
   388  0020                     	ds	8
   389  0028                     _encendido:
   390  0028                     	ds	8
   391                           
   392                           	psect	inittext
   393  0211                     init_fetch0:	
   394                           ;	Called with low address in FSR and high address in W
   395                           
   396  0211  087E               	movf	btemp,w
   397  0212  008A               	movwf	10
   398  0213  087F               	movf	btemp+1,w
   399  0214  0082               	movwf	2
   400  0215                     init_ram0:	
   401                           ;Called with:
   402                           ;	high address of idata address in btemp 
   403                           ;	low address of idata address in btemp+1 
   404                           ;	low address of data in FSR
   405                           ;	high address + 1 of data in btemp-1
   406                           
   407  0215  120A  118A  2211  120A  118A  	fcall	init_fetch0
   408  021A  0080               	movwf	0
   409  021B  0A84               	incf	4,f
   410  021C  0804               	movf	4,w
   411  021D  067D               	xorwf	btemp+-1,w
   412  021E  1903               	btfsc	3,2
   413  021F  3400               	retlw	0
   414  0220  0AFF               	incf	btemp+1,f
   415  0221  1903               	btfsc	3,2
   416  0222  0AFE               	incf	btemp,f
   417  0223  2A15               	goto	init_ram0
   418                           
   419                           	psect	cstackCOMMON
   420  0076                     __pcstackCOMMON:
   421  0076                     ?_setup:
   422  0076                     ?_antirrebotes:	
   423                           ; 1 bytes @ 0x0
   424                           
   425  0076                     ?_motor_encendido:	
   426                           ; 1 bytes @ 0x0
   427                           
   428  0076                     ?_retorno_motor:	
   429                           ; 1 bytes @ 0x0
   430                           
   431  0076                     ?_motor_apagado:	
   432                           ; 1 bytes @ 0x0
   433                           
   434  0076                     ?_osc_config:	
   435                           ; 1 bytes @ 0x0
   436                           
   437  0076                     ?_isr:	
   438                           ; 1 bytes @ 0x0
   439                           
   440  0076                     ??_isr:	
   441                           ; 1 bytes @ 0x0
   442                           
   443  0076                     ?_main:	
   444                           ; 1 bytes @ 0x0
   445                           
   446                           
   447                           ; 1 bytes @ 0x0
   448  0076                     	ds	3
   449  0079                     ??_antirrebotes:
   450  0079                     ??_motor_encendido:	
   451                           ; 1 bytes @ 0x3
   452                           
   453  0079                     ??_retorno_motor:	
   454                           ; 1 bytes @ 0x3
   455                           
   456  0079                     ??_motor_apagado:	
   457                           ; 1 bytes @ 0x3
   458                           
   459  0079                     ??_osc_config:	
   460                           ; 1 bytes @ 0x3
   461                           
   462  0079                     osc_config@freq:	
   463                           ; 1 bytes @ 0x3
   464                           
   465                           
   466                           ; 1 bytes @ 0x3
   467  0079                     	ds	1
   468  007A                     ??_setup:
   469  007A                     ??_main:	
   470                           ; 1 bytes @ 0x4
   471                           
   472                           
   473                           	psect	cstackBANK0
   474  0030                     __pcstackBANK0:	
   475                           ; 1 bytes @ 0x4
   476                           
   477  0030                     main@i:
   478                           
   479                           ; 2 bytes @ 0x0
   480  0030                     	ds	2
   481  0032                     main@i_240:
   482                           
   483                           ; 2 bytes @ 0x2
   484  0032                     	ds	2
   485                           
   486                           	psect	maintext
   487  002A                     __pmaintext:	
   488 ;;
   489 ;;Main: autosize = 0, tempsize = 0, incstack = 0, save=0
   490 ;;
   491 ;; *************** function _main *****************
   492 ;; Defined at:
   493 ;;		line 104 in file "C:/Users/Andy Bonilla/Documents/GitHub/PCBs/Proyecto1/Proyecto1_PCBS.X/main_proyecto1.c"
   494 ;; Parameters:    Size  Location     Type
   495 ;;		None
   496 ;; Auto vars:     Size  Location     Type
   497 ;;  i               2    2[BANK0 ] int 
   498 ;;  i               2    0[BANK0 ] int 
   499 ;; Return value:  Size  Location     Type
   500 ;;                  1    wreg      void 
   501 ;; Registers used:
   502 ;;		wreg, fsr0l, fsr0h, status,2, status,0, btemp+1, pclath, cstack
   503 ;; Tracked objects:
   504 ;;		On entry : B00/0
   505 ;;		On exit  : 0/0
   506 ;;		Unchanged: 0/0
   507 ;; Data sizes:     COMMON   BANK0   BANK1   BANK3   BANK2
   508 ;;      Params:         0       0       0       0       0
   509 ;;      Locals:         0       4       0       0       0
   510 ;;      Temps:          0       0       0       0       0
   511 ;;      Totals:         0       4       0       0       0
   512 ;;Total ram usage:        4 bytes
   513 ;; Hardware stack levels required when called: 3
   514 ;; This function calls:
   515 ;;		_antirrebotes
   516 ;;		_motor_apagado
   517 ;;		_motor_encendido
   518 ;;		_retorno_motor
   519 ;;		_setup
   520 ;; This function is called by:
   521 ;;		Startup code after reset
   522 ;; This function uses a non-reentrant model
   523 ;;
   524                           
   525                           
   526                           ;psect for function _main
   527  002A                     _main:
   528  002A                     l1043:	
   529                           ;incstack = 0
   530                           ; Regs used in _main: [wreg-fsr0h+status,2+status,0+btemp+1+pclath+cstack]
   531                           
   532                           
   533                           ;main_proyecto1.c: 106: setup();
   534  002A  120A  118A  21ED  120A  118A  	fcall	_setup
   535  002F                     l1045:
   536                           
   537                           ;main_proyecto1.c: 108: {;main_proyecto1.c: 110: antirrebotes();
   538  002F  120A  118A  214B  120A  118A  	fcall	_antirrebotes
   539  0034                     l1047:
   540                           
   541                           ;main_proyecto1.c: 112: if (bot_encendido==1 && bot_apagado==0 && bot_retorno==0)
   542  0034  0372               	decf	_bot_encendido,w
   543  0035  1D03               	btfss	3,2
   544  0036  2838               	goto	u361
   545  0037  2839               	goto	u360
   546  0038                     u361:
   547  0038  2862               	goto	l1065
   548  0039                     u360:
   549  0039                     l1049:
   550  0039  0871               	movf	_bot_apagado,w
   551  003A  1D03               	btfss	3,2
   552  003B  283D               	goto	u371
   553  003C  283E               	goto	u370
   554  003D                     u371:
   555  003D  2862               	goto	l1065
   556  003E                     u370:
   557  003E                     l1051:
   558  003E  0870               	movf	_bot_retorno,w
   559  003F  1D03               	btfss	3,2
   560  0040  2842               	goto	u381
   561  0041  2843               	goto	u380
   562  0042                     u381:
   563  0042  2862               	goto	l1065
   564  0043                     u380:
   565  0043                     l1053:
   566                           
   567                           ;main_proyecto1.c: 113: {;main_proyecto1.c: 114: for(int i=0; i<1000;i++)
   568  0043  1283               	bcf	3,5	;RP0=0, select bank0
   569  0044  1303               	bcf	3,6	;RP1=0, select bank0
   570  0045  01B0               	clrf	main@i
   571  0046  01B1               	clrf	main@i+1
   572  0047                     l1059:
   573                           
   574                           ;main_proyecto1.c: 115: {;main_proyecto1.c: 116: motor_encendido();
   575  0047  120A  118A  20F2  120A  118A  	fcall	_motor_encendido
   576  004C                     l1061:
   577  004C  3001               	movlw	1
   578  004D  1283               	bcf	3,5	;RP0=0, select bank0
   579  004E  1303               	bcf	3,6	;RP1=0, select bank0
   580  004F  07B0               	addwf	main@i,f
   581  0050  1803               	skipnc
   582  0051  0AB1               	incf	main@i+1,f
   583  0052  3000               	movlw	0
   584  0053  07B1               	addwf	main@i+1,f
   585  0054                     l1063:
   586  0054  0831               	movf	main@i+1,w
   587  0055  3A80               	xorlw	128
   588  0056  00FF               	movwf	btemp+1
   589  0057  3083               	movlw	131
   590  0058  027F               	subwf	btemp+1,w
   591  0059  1D03               	skipz
   592  005A  285D               	goto	u395
   593  005B  30E8               	movlw	232
   594  005C  0230               	subwf	main@i,w
   595  005D                     u395:
   596  005D  1C03               	skipc
   597  005E  2860               	goto	u391
   598  005F  2861               	goto	u390
   599  0060                     u391:
   600  0060  2847               	goto	l1059
   601  0061                     u390:
   602  0061  282F               	goto	l1045
   603  0062                     l1065:
   604                           
   605                           ;main_proyecto1.c: 120: else if (bot_encendido==0 && bot_apagado==0 && bot_retorno==1)
   606  0062  0872               	movf	_bot_encendido,w
   607  0063  1D03               	btfss	3,2
   608  0064  2866               	goto	u401
   609  0065  2867               	goto	u400
   610  0066                     u401:
   611  0066  2890               	goto	l1083
   612  0067                     u400:
   613  0067                     l1067:
   614  0067  0871               	movf	_bot_apagado,w
   615  0068  1D03               	btfss	3,2
   616  0069  286B               	goto	u411
   617  006A  286C               	goto	u410
   618  006B                     u411:
   619  006B  2890               	goto	l1083
   620  006C                     u410:
   621  006C                     l1069:
   622  006C  0370               	decf	_bot_retorno,w
   623  006D  1D03               	btfss	3,2
   624  006E  2870               	goto	u421
   625  006F  2871               	goto	u420
   626  0070                     u421:
   627  0070  2890               	goto	l1083
   628  0071                     u420:
   629  0071                     l1071:
   630                           
   631                           ;main_proyecto1.c: 121: {;main_proyecto1.c: 122: for(int i=0; i<1000;i++)
   632  0071  1283               	bcf	3,5	;RP0=0, select bank0
   633  0072  1303               	bcf	3,6	;RP1=0, select bank0
   634  0073  01B2               	clrf	main@i_240
   635  0074  01B3               	clrf	main@i_240+1
   636  0075                     l1077:
   637                           
   638                           ;main_proyecto1.c: 123: {;main_proyecto1.c: 124: retorno_motor();
   639  0075  120A  118A  2099  120A  118A  	fcall	_retorno_motor
   640  007A                     l1079:
   641  007A  3001               	movlw	1
   642  007B  1283               	bcf	3,5	;RP0=0, select bank0
   643  007C  1303               	bcf	3,6	;RP1=0, select bank0
   644  007D  07B2               	addwf	main@i_240,f
   645  007E  1803               	skipnc
   646  007F  0AB3               	incf	main@i_240+1,f
   647  0080  3000               	movlw	0
   648  0081  07B3               	addwf	main@i_240+1,f
   649  0082                     l1081:
   650  0082  0833               	movf	main@i_240+1,w
   651  0083  3A80               	xorlw	128
   652  0084  00FF               	movwf	btemp+1
   653  0085  3083               	movlw	131
   654  0086  027F               	subwf	btemp+1,w
   655  0087  1D03               	skipz
   656  0088  288B               	goto	u435
   657  0089  30E8               	movlw	232
   658  008A  0232               	subwf	main@i_240,w
   659  008B                     u435:
   660  008B  1C03               	skipc
   661  008C  288E               	goto	u431
   662  008D  288F               	goto	u430
   663  008E                     u431:
   664  008E  2875               	goto	l1077
   665  008F                     u430:
   666  008F  282F               	goto	l1045
   667  0090                     l1083:
   668  0090                     l1089:
   669                           
   670                           ;main_proyecto1.c: 129: motor_apagado();
   671  0090  120A  118A  2234  120A  118A  	fcall	_motor_apagado
   672  0095  282F               	goto	l1045
   673  0096  120A  118A  280E   	ljmp	start
   674  0099                     __end_of_main:
   675                           
   676                           	psect	text1
   677  01ED                     __ptext1:	
   678 ;; *************** function _setup *****************
   679 ;; Defined at:
   680 ;;		line 142 in file "C:/Users/Andy Bonilla/Documents/GitHub/PCBs/Proyecto1/Proyecto1_PCBS.X/main_proyecto1.c"
   681 ;; Parameters:    Size  Location     Type
   682 ;;		None
   683 ;; Auto vars:     Size  Location     Type
   684 ;;		None
   685 ;; Return value:  Size  Location     Type
   686 ;;                  1    wreg      void 
   687 ;; Registers used:
   688 ;;		wreg, fsr0l, fsr0h, status,2, status,0, pclath, cstack
   689 ;; Tracked objects:
   690 ;;		On entry : 0/0
   691 ;;		On exit  : 0/0
   692 ;;		Unchanged: 0/0
   693 ;; Data sizes:     COMMON   BANK0   BANK1   BANK3   BANK2
   694 ;;      Params:         0       0       0       0       0
   695 ;;      Locals:         0       0       0       0       0
   696 ;;      Temps:          0       0       0       0       0
   697 ;;      Totals:         0       0       0       0       0
   698 ;;Total ram usage:        0 bytes
   699 ;; Hardware stack levels used: 1
   700 ;; Hardware stack levels required when called: 2
   701 ;; This function calls:
   702 ;;		_osc_config
   703 ;; This function is called by:
   704 ;;		_main
   705 ;; This function uses a non-reentrant model
   706 ;;
   707                           
   708                           
   709                           ;psect for function _setup
   710  01ED                     _setup:
   711  01ED                     l959:	
   712                           ;incstack = 0
   713                           ; Regs used in _setup: [wreg-fsr0h+status,2+status,0+pclath+cstack]
   714                           
   715                           
   716                           ;main_proyecto1.c: 145: ANSEL=0;
   717  01ED  1683               	bsf	3,5	;RP0=1, select bank3
   718  01EE  1703               	bsf	3,6	;RP1=1, select bank3
   719  01EF  0188               	clrf	8	;volatile
   720                           
   721                           ;main_proyecto1.c: 146: ANSELH=0;
   722  01F0  0189               	clrf	9	;volatile
   723                           
   724                           ;main_proyecto1.c: 148: TRISA=0;
   725  01F1  1683               	bsf	3,5	;RP0=1, select bank1
   726  01F2  1303               	bcf	3,6	;RP1=0, select bank1
   727  01F3  0185               	clrf	5	;volatile
   728  01F4                     l961:
   729                           
   730                           ;main_proyecto1.c: 149: TRISBbits.TRISB0=1;
   731  01F4  1406               	bsf	6,0	;volatile
   732  01F5                     l963:
   733                           
   734                           ;main_proyecto1.c: 150: TRISBbits.TRISB1=1;
   735  01F5  1486               	bsf	6,1	;volatile
   736  01F6                     l965:
   737                           
   738                           ;main_proyecto1.c: 151: TRISBbits.TRISB2=1;
   739  01F6  1506               	bsf	6,2	;volatile
   740                           
   741                           ;main_proyecto1.c: 152: TRISD=0;
   742  01F7  0188               	clrf	8	;volatile
   743                           
   744                           ;main_proyecto1.c: 154: PORTA=0;
   745  01F8  1283               	bcf	3,5	;RP0=0, select bank0
   746  01F9  1303               	bcf	3,6	;RP1=0, select bank0
   747  01FA  0185               	clrf	5	;volatile
   748                           
   749                           ;main_proyecto1.c: 155: PORTB=0;
   750  01FB  0186               	clrf	6	;volatile
   751                           
   752                           ;main_proyecto1.c: 156: PORTD=0;
   753  01FC  0188               	clrf	8	;volatile
   754  01FD                     l967:
   755                           
   756                           ;main_proyecto1.c: 158: osc_config(4);
   757  01FD  3004               	movlw	4
   758  01FE  120A  118A  2195  120A  118A  	fcall	_osc_config
   759  0203                     l969:
   760                           
   761                           ;main_proyecto1.c: 160: OPTION_REGbits.nRBPU=0;
   762  0203  1683               	bsf	3,5	;RP0=1, select bank1
   763  0204  1303               	bcf	3,6	;RP1=0, select bank1
   764  0205  1381               	bcf	1,7	;volatile
   765  0206                     l971:
   766                           
   767                           ;main_proyecto1.c: 161: WPUBbits.WPUB0=1;
   768  0206  1415               	bsf	21,0	;volatile
   769  0207                     l973:
   770                           
   771                           ;main_proyecto1.c: 162: WPUBbits.WPUB1=1;
   772  0207  1495               	bsf	21,1	;volatile
   773  0208                     l975:
   774                           
   775                           ;main_proyecto1.c: 163: WPUBbits.WPUB2=1;
   776  0208  1515               	bsf	21,2	;volatile
   777  0209                     l977:
   778                           
   779                           ;main_proyecto1.c: 165: INTCONbits.GIE=1;
   780  0209  178B               	bsf	11,7	;volatile
   781  020A                     l979:
   782                           
   783                           ;main_proyecto1.c: 166: INTCONbits.PEIE = 1;
   784  020A  170B               	bsf	11,6	;volatile
   785  020B                     l981:
   786                           
   787                           ;main_proyecto1.c: 167: INTCONbits.RBIE=1;
   788  020B  158B               	bsf	11,3	;volatile
   789  020C                     l983:
   790                           
   791                           ;main_proyecto1.c: 168: INTCONbits.RBIF=0;
   792  020C  100B               	bcf	11,0	;volatile
   793  020D                     l985:
   794                           
   795                           ;main_proyecto1.c: 169: IOCBbits.IOCB0=1;
   796  020D  1416               	bsf	22,0	;volatile
   797  020E                     l987:
   798                           
   799                           ;main_proyecto1.c: 170: IOCBbits.IOCB1=1;
   800  020E  1496               	bsf	22,1	;volatile
   801  020F                     l989:
   802                           
   803                           ;main_proyecto1.c: 171: IOCBbits.IOCB2=1;
   804  020F  1516               	bsf	22,2	;volatile
   805  0210                     l91:
   806  0210  0008               	return
   807  0211                     __end_of_setup:
   808                           
   809                           	psect	text2
   810  0195                     __ptext2:	
   811 ;; *************** function _osc_config *****************
   812 ;; Defined at:
   813 ;;		line 16 in file "C:/Users/Andy Bonilla/Documents/GitHub/PCBs/Proyecto1/Proyecto1_PCBS.X/Osc_config.c"
   814 ;; Parameters:    Size  Location     Type
   815 ;;  freq            1    wreg     unsigned char 
   816 ;; Auto vars:     Size  Location     Type
   817 ;;  freq            1    3[COMMON] unsigned char 
   818 ;; Return value:  Size  Location     Type
   819 ;;                  1    wreg      void 
   820 ;; Registers used:
   821 ;;		wreg, fsr0l, fsr0h, status,2, status,0
   822 ;; Tracked objects:
   823 ;;		On entry : 0/0
   824 ;;		On exit  : 0/0
   825 ;;		Unchanged: 0/0
   826 ;; Data sizes:     COMMON   BANK0   BANK1   BANK3   BANK2
   827 ;;      Params:         0       0       0       0       0
   828 ;;      Locals:         1       0       0       0       0
   829 ;;      Temps:          0       0       0       0       0
   830 ;;      Totals:         1       0       0       0       0
   831 ;;Total ram usage:        1 bytes
   832 ;; Hardware stack levels used: 1
   833 ;; Hardware stack levels required when called: 1
   834 ;; This function calls:
   835 ;;		Nothing
   836 ;; This function is called by:
   837 ;;		_setup
   838 ;; This function uses a non-reentrant model
   839 ;;
   840                           
   841                           
   842                           ;psect for function _osc_config
   843  0195                     _osc_config:
   844                           
   845                           ;incstack = 0
   846                           ; Regs used in _osc_config: [wreg-fsr0h+status,2+status,0]
   847                           ;osc_config@freq stored from wreg
   848  0195  00F9               	movwf	osc_config@freq
   849  0196                     l937:
   850                           
   851                           ;Osc_config.c: 18: switch(freq)
   852  0196  29B5               	goto	l957
   853  0197                     l939:
   854                           
   855                           ;Osc_config.c: 21: OSCCONbits.IRCF=0b100;
   856  0197  1683               	bsf	3,5	;RP0=1, select bank1
   857  0198  1303               	bcf	3,6	;RP1=0, select bank1
   858  0199  080F               	movf	15,w	;volatile
   859  019A  398F               	andlw	-113
   860  019B  3840               	iorlw	64
   861  019C  008F               	movwf	15	;volatile
   862  019D                     l941:
   863                           
   864                           ;Osc_config.c: 22: OSCCONbits.SCS=1;
   865  019D  140F               	bsf	15,0	;volatile
   866                           
   867                           ;Osc_config.c: 23: break;
   868  019E  29C3               	goto	l123
   869  019F                     l943:
   870                           
   871                           ;Osc_config.c: 26: OSCCONbits.IRCF=0b101;
   872  019F  1683               	bsf	3,5	;RP0=1, select bank1
   873  01A0  1303               	bcf	3,6	;RP1=0, select bank1
   874  01A1  080F               	movf	15,w	;volatile
   875  01A2  398F               	andlw	-113
   876  01A3  3850               	iorlw	80
   877  01A4  008F               	movwf	15	;volatile
   878  01A5                     l945:
   879                           
   880                           ;Osc_config.c: 27: OSCCONbits.SCS=1;
   881  01A5  140F               	bsf	15,0	;volatile
   882                           
   883                           ;Osc_config.c: 28: break;
   884  01A6  29C3               	goto	l123
   885  01A7                     l947:
   886                           
   887                           ;Osc_config.c: 31: OSCCONbits.IRCF=0b110;
   888  01A7  1683               	bsf	3,5	;RP0=1, select bank1
   889  01A8  1303               	bcf	3,6	;RP1=0, select bank1
   890  01A9  080F               	movf	15,w	;volatile
   891  01AA  398F               	andlw	-113
   892  01AB  3860               	iorlw	96
   893  01AC  008F               	movwf	15	;volatile
   894  01AD                     l949:
   895                           
   896                           ;Osc_config.c: 32: OSCCONbits.SCS=1;
   897  01AD  140F               	bsf	15,0	;volatile
   898                           
   899                           ;Osc_config.c: 33: break;
   900  01AE  29C3               	goto	l123
   901  01AF                     l951:
   902                           
   903                           ;Osc_config.c: 36: OSCCONbits.IRCF=0b111;
   904  01AF  3070               	movlw	112
   905  01B0  1683               	bsf	3,5	;RP0=1, select bank1
   906  01B1  1303               	bcf	3,6	;RP1=0, select bank1
   907  01B2  048F               	iorwf	15,f	;volatile
   908  01B3                     l953:
   909                           
   910                           ;Osc_config.c: 37: OSCCONbits.SCS=1;
   911  01B3  140F               	bsf	15,0	;volatile
   912                           
   913                           ;Osc_config.c: 38: break;
   914  01B4  29C3               	goto	l123
   915  01B5                     l957:
   916  01B5  0879               	movf	osc_config@freq,w
   917                           
   918                           ; Switch size 1, requested type "simple"
   919                           ; Number of cases is 4, Range of values is 1 to 8
   920                           ; switch strategies available:
   921                           ; Name         Instructions Cycles
   922                           ; simple_byte           13     7 (average)
   923                           ; direct_byte           35    11 (fixed)
   924                           ; jumptable            263     9 (fixed)
   925                           ;	Chosen strategy is simple_byte
   926  01B6  3A01               	xorlw	1	; case 1
   927  01B7  1903               	skipnz
   928  01B8  2997               	goto	l939
   929  01B9  3A03               	xorlw	3	; case 2
   930  01BA  1903               	skipnz
   931  01BB  299F               	goto	l943
   932  01BC  3A06               	xorlw	6	; case 4
   933  01BD  1903               	skipnz
   934  01BE  29A7               	goto	l947
   935  01BF  3A0C               	xorlw	12	; case 8
   936  01C0  1903               	skipnz
   937  01C1  29AF               	goto	l951
   938  01C2  29C3               	goto	l123
   939  01C3                     l123:
   940  01C3  0008               	return
   941  01C4                     __end_of_osc_config:
   942                           
   943                           	psect	text3
   944  0099                     __ptext3:	
   945 ;; *************** function _retorno_motor *****************
   946 ;; Defined at:
   947 ;;		line 242 in file "C:/Users/Andy Bonilla/Documents/GitHub/PCBs/Proyecto1/Proyecto1_PCBS.X/main_proyecto1.c"
   948 ;; Parameters:    Size  Location     Type
   949 ;;		None
   950 ;; Auto vars:     Size  Location     Type
   951 ;;		None
   952 ;; Return value:  Size  Location     Type
   953 ;;                  1    wreg      void 
   954 ;; Registers used:
   955 ;;		wreg
   956 ;; Tracked objects:
   957 ;;		On entry : 0/0
   958 ;;		On exit  : 0/0
   959 ;;		Unchanged: 0/0
   960 ;; Data sizes:     COMMON   BANK0   BANK1   BANK3   BANK2
   961 ;;      Params:         0       0       0       0       0
   962 ;;      Locals:         0       0       0       0       0
   963 ;;      Temps:          1       0       0       0       0
   964 ;;      Totals:         1       0       0       0       0
   965 ;;Total ram usage:        1 bytes
   966 ;; Hardware stack levels used: 1
   967 ;; Hardware stack levels required when called: 1
   968 ;; This function calls:
   969 ;;		Nothing
   970 ;; This function is called by:
   971 ;;		_main
   972 ;; This function uses a non-reentrant model
   973 ;;
   974                           
   975                           
   976                           ;psect for function _retorno_motor
   977  0099                     _retorno_motor:
   978  0099                     l1039:	
   979                           ;incstack = 0
   980                           ; Regs used in _retorno_motor: [wreg]
   981                           
   982                           
   983                           ;main_proyecto1.c: 244: PORTA=retorno[8];
   984  0099  1283               	bcf	3,5	;RP0=0, select bank0
   985  009A  1303               	bcf	3,6	;RP1=0, select bank0
   986  009B  0828               	movf	_retorno+8,w
   987  009C  0085               	movwf	5	;volatile
   988                           
   989                           ;main_proyecto1.c: 245: _delay((unsigned long)((1)*(4000000/4000.0)));
   990  009D  30C7               	movlw	199
   991  009E  00F9               	movwf	??_retorno_motor
   992  009F                     u447:
   993  009F  28A0               	nop2
   994  00A0  0BF9               	decfsz	??_retorno_motor,f
   995  00A1  289F               	goto	u447
   996  00A2  28A3               	nop2
   997  00A3  28A4               	nop2
   998                           
   999                           ;main_proyecto1.c: 246: PORTA=retorno[7];
  1000  00A4  1283               	bcf	3,5	;RP0=0, select bank0
  1001  00A5  1303               	bcf	3,6	;RP1=0, select bank0
  1002  00A6  0827               	movf	_retorno+7,w
  1003  00A7  0085               	movwf	5	;volatile
  1004                           
  1005                           ;main_proyecto1.c: 247: _delay((unsigned long)((1)*(4000000/4000.0)));
  1006  00A8  30C7               	movlw	199
  1007  00A9  00F9               	movwf	??_retorno_motor
  1008  00AA                     u457:
  1009  00AA  28AB               	nop2
  1010  00AB  0BF9               	decfsz	??_retorno_motor,f
  1011  00AC  28AA               	goto	u457
  1012  00AD  28AE               	nop2
  1013  00AE  28AF               	nop2
  1014                           
  1015                           ;main_proyecto1.c: 248: PORTA=retorno[6];
  1016  00AF  1283               	bcf	3,5	;RP0=0, select bank0
  1017  00B0  1303               	bcf	3,6	;RP1=0, select bank0
  1018  00B1  0826               	movf	_retorno+6,w
  1019  00B2  0085               	movwf	5	;volatile
  1020                           
  1021                           ;main_proyecto1.c: 249: _delay((unsigned long)((1)*(4000000/4000.0)));
  1022  00B3  30C7               	movlw	199
  1023  00B4  00F9               	movwf	??_retorno_motor
  1024  00B5                     u467:
  1025  00B5  28B6               	nop2
  1026  00B6  0BF9               	decfsz	??_retorno_motor,f
  1027  00B7  28B5               	goto	u467
  1028  00B8  28B9               	nop2
  1029  00B9  28BA               	nop2
  1030                           
  1031                           ;main_proyecto1.c: 250: PORTA=retorno[5];
  1032  00BA  1283               	bcf	3,5	;RP0=0, select bank0
  1033  00BB  1303               	bcf	3,6	;RP1=0, select bank0
  1034  00BC  0825               	movf	_retorno+5,w
  1035  00BD  0085               	movwf	5	;volatile
  1036                           
  1037                           ;main_proyecto1.c: 251: _delay((unsigned long)((1)*(4000000/4000.0)));
  1038  00BE  30C7               	movlw	199
  1039  00BF  00F9               	movwf	??_retorno_motor
  1040  00C0                     u477:
  1041  00C0  28C1               	nop2
  1042  00C1  0BF9               	decfsz	??_retorno_motor,f
  1043  00C2  28C0               	goto	u477
  1044  00C3  28C4               	nop2
  1045  00C4  28C5               	nop2
  1046                           
  1047                           ;main_proyecto1.c: 252: PORTA=retorno[4];
  1048  00C5  1283               	bcf	3,5	;RP0=0, select bank0
  1049  00C6  1303               	bcf	3,6	;RP1=0, select bank0
  1050  00C7  0824               	movf	_retorno+4,w
  1051  00C8  0085               	movwf	5	;volatile
  1052                           
  1053                           ;main_proyecto1.c: 253: _delay((unsigned long)((1)*(4000000/4000.0)));
  1054  00C9  30C7               	movlw	199
  1055  00CA  00F9               	movwf	??_retorno_motor
  1056  00CB                     u487:
  1057  00CB  28CC               	nop2
  1058  00CC  0BF9               	decfsz	??_retorno_motor,f
  1059  00CD  28CB               	goto	u487
  1060  00CE  28CF               	nop2
  1061  00CF  28D0               	nop2
  1062                           
  1063                           ;main_proyecto1.c: 254: PORTA=retorno[3];
  1064  00D0  1283               	bcf	3,5	;RP0=0, select bank0
  1065  00D1  1303               	bcf	3,6	;RP1=0, select bank0
  1066  00D2  0823               	movf	_retorno+3,w
  1067  00D3  0085               	movwf	5	;volatile
  1068                           
  1069                           ;main_proyecto1.c: 255: _delay((unsigned long)((1)*(4000000/4000.0)));
  1070  00D4  30C7               	movlw	199
  1071  00D5  00F9               	movwf	??_retorno_motor
  1072  00D6                     u497:
  1073  00D6  28D7               	nop2
  1074  00D7  0BF9               	decfsz	??_retorno_motor,f
  1075  00D8  28D6               	goto	u497
  1076  00D9  28DA               	nop2
  1077  00DA  28DB               	nop2
  1078                           
  1079                           ;main_proyecto1.c: 256: PORTA=retorno[2];
  1080  00DB  1283               	bcf	3,5	;RP0=0, select bank0
  1081  00DC  1303               	bcf	3,6	;RP1=0, select bank0
  1082  00DD  0822               	movf	_retorno+2,w
  1083  00DE  0085               	movwf	5	;volatile
  1084                           
  1085                           ;main_proyecto1.c: 257: _delay((unsigned long)((1)*(4000000/4000.0)));
  1086  00DF  30C7               	movlw	199
  1087  00E0  00F9               	movwf	??_retorno_motor
  1088  00E1                     u507:
  1089  00E1  28E2               	nop2
  1090  00E2  0BF9               	decfsz	??_retorno_motor,f
  1091  00E3  28E1               	goto	u507
  1092  00E4  28E5               	nop2
  1093  00E5  28E6               	nop2
  1094                           
  1095                           ;main_proyecto1.c: 258: PORTA=retorno[1];
  1096  00E6  1283               	bcf	3,5	;RP0=0, select bank0
  1097  00E7  1303               	bcf	3,6	;RP1=0, select bank0
  1098  00E8  0821               	movf	_retorno+1,w
  1099  00E9  0085               	movwf	5	;volatile
  1100                           
  1101                           ;main_proyecto1.c: 259: _delay((unsigned long)((1)*(4000000/4000.0)));
  1102  00EA  30C7               	movlw	199
  1103  00EB  00F9               	movwf	??_retorno_motor
  1104  00EC                     u517:
  1105  00EC  28ED               	nop2
  1106  00ED  0BF9               	decfsz	??_retorno_motor,f
  1107  00EE  28EC               	goto	u517
  1108  00EF  28F0               	nop2
  1109  00F0  28F1               	nop2
  1110  00F1                     l112:
  1111  00F1  0008               	return
  1112  00F2                     __end_of_retorno_motor:
  1113                           
  1114                           	psect	text4
  1115  00F2                     __ptext4:	
  1116 ;; *************** function _motor_encendido *****************
  1117 ;; Defined at:
  1118 ;;		line 214 in file "C:/Users/Andy Bonilla/Documents/GitHub/PCBs/Proyecto1/Proyecto1_PCBS.X/main_proyecto1.c"
  1119 ;; Parameters:    Size  Location     Type
  1120 ;;		None
  1121 ;; Auto vars:     Size  Location     Type
  1122 ;;		None
  1123 ;; Return value:  Size  Location     Type
  1124 ;;                  1    wreg      void 
  1125 ;; Registers used:
  1126 ;;		wreg
  1127 ;; Tracked objects:
  1128 ;;		On entry : 0/0
  1129 ;;		On exit  : 0/0
  1130 ;;		Unchanged: 0/0
  1131 ;; Data sizes:     COMMON   BANK0   BANK1   BANK3   BANK2
  1132 ;;      Params:         0       0       0       0       0
  1133 ;;      Locals:         0       0       0       0       0
  1134 ;;      Temps:          1       0       0       0       0
  1135 ;;      Totals:         1       0       0       0       0
  1136 ;;Total ram usage:        1 bytes
  1137 ;; Hardware stack levels used: 1
  1138 ;; Hardware stack levels required when called: 1
  1139 ;; This function calls:
  1140 ;;		Nothing
  1141 ;; This function is called by:
  1142 ;;		_main
  1143 ;; This function uses a non-reentrant model
  1144 ;;
  1145                           
  1146                           
  1147                           ;psect for function _motor_encendido
  1148  00F2                     _motor_encendido:
  1149  00F2                     l1037:	
  1150                           ;incstack = 0
  1151                           ; Regs used in _motor_encendido: [wreg]
  1152                           
  1153                           
  1154                           ;main_proyecto1.c: 216: PORTA=encendido[1];
  1155  00F2  1283               	bcf	3,5	;RP0=0, select bank0
  1156  00F3  1303               	bcf	3,6	;RP1=0, select bank0
  1157  00F4  0829               	movf	_encendido+1,w
  1158  00F5  0085               	movwf	5	;volatile
  1159                           
  1160                           ;main_proyecto1.c: 217: _delay((unsigned long)((1)*(4000000/4000.0)));
  1161  00F6  30C7               	movlw	199
  1162  00F7  00F9               	movwf	??_motor_encendido
  1163  00F8                     u527:
  1164  00F8  28F9               	nop2
  1165  00F9  0BF9               	decfsz	??_motor_encendido,f
  1166  00FA  28F8               	goto	u527
  1167  00FB  28FC               	nop2
  1168  00FC  28FD               	nop2
  1169                           
  1170                           ;main_proyecto1.c: 218: PORTA=encendido[2];
  1171  00FD  1283               	bcf	3,5	;RP0=0, select bank0
  1172  00FE  1303               	bcf	3,6	;RP1=0, select bank0
  1173  00FF  082A               	movf	_encendido+2,w
  1174  0100  0085               	movwf	5	;volatile
  1175                           
  1176                           ;main_proyecto1.c: 219: _delay((unsigned long)((1)*(4000000/4000.0)));
  1177  0101  30C7               	movlw	199
  1178  0102  00F9               	movwf	??_motor_encendido
  1179  0103                     u537:
  1180  0103  2904               	nop2
  1181  0104  0BF9               	decfsz	??_motor_encendido,f
  1182  0105  2903               	goto	u537
  1183  0106  2907               	nop2
  1184  0107  2908               	nop2
  1185                           
  1186                           ;main_proyecto1.c: 220: PORTA=encendido[3];
  1187  0108  1283               	bcf	3,5	;RP0=0, select bank0
  1188  0109  1303               	bcf	3,6	;RP1=0, select bank0
  1189  010A  082B               	movf	_encendido+3,w
  1190  010B  0085               	movwf	5	;volatile
  1191                           
  1192                           ;main_proyecto1.c: 221: _delay((unsigned long)((1)*(4000000/4000.0)));
  1193  010C  30C7               	movlw	199
  1194  010D  00F9               	movwf	??_motor_encendido
  1195  010E                     u547:
  1196  010E  290F               	nop2
  1197  010F  0BF9               	decfsz	??_motor_encendido,f
  1198  0110  290E               	goto	u547
  1199  0111  2912               	nop2
  1200  0112  2913               	nop2
  1201                           
  1202                           ;main_proyecto1.c: 222: PORTA=encendido[4];
  1203  0113  1283               	bcf	3,5	;RP0=0, select bank0
  1204  0114  1303               	bcf	3,6	;RP1=0, select bank0
  1205  0115  082C               	movf	_encendido+4,w
  1206  0116  0085               	movwf	5	;volatile
  1207                           
  1208                           ;main_proyecto1.c: 223: _delay((unsigned long)((1)*(4000000/4000.0)));
  1209  0117  30C7               	movlw	199
  1210  0118  00F9               	movwf	??_motor_encendido
  1211  0119                     u557:
  1212  0119  291A               	nop2
  1213  011A  0BF9               	decfsz	??_motor_encendido,f
  1214  011B  2919               	goto	u557
  1215  011C  291D               	nop2
  1216  011D  291E               	nop2
  1217                           
  1218                           ;main_proyecto1.c: 224: PORTA=encendido[5];
  1219  011E  1283               	bcf	3,5	;RP0=0, select bank0
  1220  011F  1303               	bcf	3,6	;RP1=0, select bank0
  1221  0120  082D               	movf	_encendido+5,w
  1222  0121  0085               	movwf	5	;volatile
  1223                           
  1224                           ;main_proyecto1.c: 225: _delay((unsigned long)((1)*(4000000/4000.0)));
  1225  0122  30C7               	movlw	199
  1226  0123  00F9               	movwf	??_motor_encendido
  1227  0124                     u567:
  1228  0124  2925               	nop2
  1229  0125  0BF9               	decfsz	??_motor_encendido,f
  1230  0126  2924               	goto	u567
  1231  0127  2928               	nop2
  1232  0128  2929               	nop2
  1233                           
  1234                           ;main_proyecto1.c: 226: PORTA=encendido[6];
  1235  0129  1283               	bcf	3,5	;RP0=0, select bank0
  1236  012A  1303               	bcf	3,6	;RP1=0, select bank0
  1237  012B  082E               	movf	_encendido+6,w
  1238  012C  0085               	movwf	5	;volatile
  1239                           
  1240                           ;main_proyecto1.c: 227: _delay((unsigned long)((1)*(4000000/4000.0)));
  1241  012D  30C7               	movlw	199
  1242  012E  00F9               	movwf	??_motor_encendido
  1243  012F                     u577:
  1244  012F  2930               	nop2
  1245  0130  0BF9               	decfsz	??_motor_encendido,f
  1246  0131  292F               	goto	u577
  1247  0132  2933               	nop2
  1248  0133  2934               	nop2
  1249                           
  1250                           ;main_proyecto1.c: 228: PORTA=encendido[7];
  1251  0134  1283               	bcf	3,5	;RP0=0, select bank0
  1252  0135  1303               	bcf	3,6	;RP1=0, select bank0
  1253  0136  082F               	movf	_encendido+7,w
  1254  0137  0085               	movwf	5	;volatile
  1255                           
  1256                           ;main_proyecto1.c: 229: _delay((unsigned long)((1)*(4000000/4000.0)));
  1257  0138  30C7               	movlw	199
  1258  0139  00F9               	movwf	??_motor_encendido
  1259  013A                     u587:
  1260  013A  293B               	nop2
  1261  013B  0BF9               	decfsz	??_motor_encendido,f
  1262  013C  293A               	goto	u587
  1263  013D  293E               	nop2
  1264  013E  293F               	nop2
  1265                           
  1266                           ;main_proyecto1.c: 230: PORTA=encendido[8];
  1267  013F  1283               	bcf	3,5	;RP0=0, select bank0
  1268  0140  1303               	bcf	3,6	;RP1=0, select bank0
  1269  0141  0830               	movf	_encendido+8,w
  1270  0142  0085               	movwf	5	;volatile
  1271                           
  1272                           ;main_proyecto1.c: 231: _delay((unsigned long)((1)*(4000000/4000.0)));
  1273  0143  30C7               	movlw	199
  1274  0144  00F9               	movwf	??_motor_encendido
  1275  0145                     u597:
  1276  0145  2946               	nop2
  1277  0146  0BF9               	decfsz	??_motor_encendido,f
  1278  0147  2945               	goto	u597
  1279  0148  2949               	nop2
  1280  0149  294A               	nop2
  1281  014A                     l106:
  1282  014A  0008               	return
  1283  014B                     __end_of_motor_encendido:
  1284                           
  1285                           	psect	text5
  1286  0234                     __ptext5:	
  1287 ;; *************** function _motor_apagado *****************
  1288 ;; Defined at:
  1289 ;;		line 236 in file "C:/Users/Andy Bonilla/Documents/GitHub/PCBs/Proyecto1/Proyecto1_PCBS.X/main_proyecto1.c"
  1290 ;; Parameters:    Size  Location     Type
  1291 ;;		None
  1292 ;; Auto vars:     Size  Location     Type
  1293 ;;		None
  1294 ;; Return value:  Size  Location     Type
  1295 ;;                  1    wreg      void 
  1296 ;; Registers used:
  1297 ;;		status,2
  1298 ;; Tracked objects:
  1299 ;;		On entry : 0/0
  1300 ;;		On exit  : 0/0
  1301 ;;		Unchanged: 0/0
  1302 ;; Data sizes:     COMMON   BANK0   BANK1   BANK3   BANK2
  1303 ;;      Params:         0       0       0       0       0
  1304 ;;      Locals:         0       0       0       0       0
  1305 ;;      Temps:          0       0       0       0       0
  1306 ;;      Totals:         0       0       0       0       0
  1307 ;;Total ram usage:        0 bytes
  1308 ;; Hardware stack levels used: 1
  1309 ;; Hardware stack levels required when called: 1
  1310 ;; This function calls:
  1311 ;;		Nothing
  1312 ;; This function is called by:
  1313 ;;		_main
  1314 ;; This function uses a non-reentrant model
  1315 ;;
  1316                           
  1317                           
  1318                           ;psect for function _motor_apagado
  1319  0234                     _motor_apagado:
  1320  0234                     l1041:	
  1321                           ;incstack = 0
  1322                           ; Regs used in _motor_apagado: [status,2]
  1323                           
  1324                           
  1325                           ;main_proyecto1.c: 238: PORTA=apagado;
  1326  0234  1283               	bcf	3,5	;RP0=0, select bank0
  1327  0235  1303               	bcf	3,6	;RP1=0, select bank0
  1328  0236  0185               	clrf	5	;volatile
  1329  0237                     l109:
  1330  0237  0008               	return
  1331  0238                     __end_of_motor_apagado:
  1332                           
  1333                           	psect	text6
  1334  014B                     __ptext6:	
  1335 ;; *************** function _antirrebotes *****************
  1336 ;; Defined at:
  1337 ;;		line 177 in file "C:/Users/Andy Bonilla/Documents/GitHub/PCBs/Proyecto1/Proyecto1_PCBS.X/main_proyecto1.c"
  1338 ;; Parameters:    Size  Location     Type
  1339 ;;		None
  1340 ;; Auto vars:     Size  Location     Type
  1341 ;;		None
  1342 ;; Return value:  Size  Location     Type
  1343 ;;                  1    wreg      void 
  1344 ;; Registers used:
  1345 ;;		wreg, status,2, status,0
  1346 ;; Tracked objects:
  1347 ;;		On entry : 0/0
  1348 ;;		On exit  : 0/0
  1349 ;;		Unchanged: 0/0
  1350 ;; Data sizes:     COMMON   BANK0   BANK1   BANK3   BANK2
  1351 ;;      Params:         0       0       0       0       0
  1352 ;;      Locals:         0       0       0       0       0
  1353 ;;      Temps:          1       0       0       0       0
  1354 ;;      Totals:         1       0       0       0       0
  1355 ;;Total ram usage:        1 bytes
  1356 ;; Hardware stack levels used: 1
  1357 ;; Hardware stack levels required when called: 1
  1358 ;; This function calls:
  1359 ;;		Nothing
  1360 ;; This function is called by:
  1361 ;;		_main
  1362 ;; This function uses a non-reentrant model
  1363 ;;
  1364                           
  1365                           
  1366                           ;psect for function _antirrebotes
  1367  014B                     _antirrebotes:
  1368  014B                     l991:	
  1369                           ;incstack = 0
  1370                           ; Regs used in _antirrebotes: [wreg+status,2+status,0]
  1371                           
  1372                           
  1373                           ;main_proyecto1.c: 180: if (antirrebote1==1 && PORTBbits.RB0==0)
  1374  014B  0375               	decf	_antirrebote1,w
  1375  014C  1D03               	btfss	3,2
  1376  014D  294F               	goto	u271
  1377  014E  2950               	goto	u270
  1378  014F                     u271:
  1379  014F  2965               	goto	l1003
  1380  0150                     u270:
  1381  0150                     l993:
  1382  0150  1283               	bcf	3,5	;RP0=0, select bank0
  1383  0151  1303               	bcf	3,6	;RP1=0, select bank0
  1384  0152  1806               	btfsc	6,0	;volatile
  1385  0153  2955               	goto	u281
  1386  0154  2956               	goto	u280
  1387  0155                     u281:
  1388  0155  2965               	goto	l1003
  1389  0156                     u280:
  1390  0156                     l995:
  1391                           
  1392                           ;main_proyecto1.c: 181: {;main_proyecto1.c: 182: antirrebote1=0;
  1393  0156  01F5               	clrf	_antirrebote1
  1394  0157                     l997:
  1395                           
  1396                           ;main_proyecto1.c: 183: PORTD++;
  1397  0157  3001               	movlw	1
  1398  0158  00F9               	movwf	??_antirrebotes
  1399  0159  0879               	movf	??_antirrebotes,w
  1400  015A  0788               	addwf	8,f	;volatile
  1401  015B                     l999:
  1402                           
  1403                           ;main_proyecto1.c: 184: bot_encendido++;
  1404  015B  3001               	movlw	1
  1405  015C  00F9               	movwf	??_antirrebotes
  1406  015D  0879               	movf	??_antirrebotes,w
  1407  015E  07F2               	addwf	_bot_encendido,f
  1408  015F                     l1001:
  1409                           
  1410                           ;main_proyecto1.c: 185: if (bot_encendido>=2)
  1411  015F  3002               	movlw	2
  1412  0160  0272               	subwf	_bot_encendido,w
  1413  0161  1C03               	skipc
  1414  0162  2964               	goto	u291
  1415  0163  2965               	goto	u290
  1416  0164                     u291:
  1417  0164  2966               	goto	l1007
  1418  0165                     u290:
  1419  0165                     l1003:
  1420                           
  1421                           ;main_proyecto1.c: 186: bot_encendido=0;
  1422  0165  01F2               	clrf	_bot_encendido
  1423  0166                     l1007:
  1424                           
  1425                           ;main_proyecto1.c: 191: if (antirrebote2==1 && PORTBbits.RB1==0)
  1426  0166  0374               	decf	_antirrebote2,w
  1427  0167  1D03               	btfss	3,2
  1428  0168  296A               	goto	u301
  1429  0169  296B               	goto	u300
  1430  016A                     u301:
  1431  016A  297C               	goto	l1017
  1432  016B                     u300:
  1433  016B                     l1009:
  1434  016B  1283               	bcf	3,5	;RP0=0, select bank0
  1435  016C  1303               	bcf	3,6	;RP1=0, select bank0
  1436  016D  1886               	btfsc	6,1	;volatile
  1437  016E  2970               	goto	u311
  1438  016F  2971               	goto	u310
  1439  0170                     u311:
  1440  0170  297C               	goto	l1017
  1441  0171                     u310:
  1442  0171                     l1011:
  1443                           
  1444                           ;main_proyecto1.c: 192: {;main_proyecto1.c: 193: antirrebote2=0;
  1445  0171  01F4               	clrf	_antirrebote2
  1446  0172                     l1013:
  1447                           
  1448                           ;main_proyecto1.c: 194: bot_apagado++;
  1449  0172  3001               	movlw	1
  1450  0173  00F9               	movwf	??_antirrebotes
  1451  0174  0879               	movf	??_antirrebotes,w
  1452  0175  07F1               	addwf	_bot_apagado,f
  1453  0176                     l1015:
  1454                           
  1455                           ;main_proyecto1.c: 195: if(bot_apagado>=2)
  1456  0176  3002               	movlw	2
  1457  0177  0271               	subwf	_bot_apagado,w
  1458  0178  1C03               	skipc
  1459  0179  297B               	goto	u321
  1460  017A  297C               	goto	u320
  1461  017B                     u321:
  1462  017B  297D               	goto	l1021
  1463  017C                     u320:
  1464  017C                     l1017:
  1465                           
  1466                           ;main_proyecto1.c: 196: bot_apagado=0;
  1467  017C  01F1               	clrf	_bot_apagado
  1468  017D                     l1021:
  1469                           
  1470                           ;main_proyecto1.c: 201: if (antirrebote3==1 && PORTBbits.RB2==0)
  1471  017D  0373               	decf	_antirrebote3,w
  1472  017E  1D03               	btfss	3,2
  1473  017F  2981               	goto	u331
  1474  0180  2982               	goto	u330
  1475  0181                     u331:
  1476  0181  2993               	goto	l1031
  1477  0182                     u330:
  1478  0182                     l1023:
  1479  0182  1283               	bcf	3,5	;RP0=0, select bank0
  1480  0183  1303               	bcf	3,6	;RP1=0, select bank0
  1481  0184  1906               	btfsc	6,2	;volatile
  1482  0185  2987               	goto	u341
  1483  0186  2988               	goto	u340
  1484  0187                     u341:
  1485  0187  2993               	goto	l1031
  1486  0188                     u340:
  1487  0188                     l1025:
  1488                           
  1489                           ;main_proyecto1.c: 202: {;main_proyecto1.c: 203: antirrebote3=0;
  1490  0188  01F3               	clrf	_antirrebote3
  1491  0189                     l1027:
  1492                           
  1493                           ;main_proyecto1.c: 204: bot_retorno++;
  1494  0189  3001               	movlw	1
  1495  018A  00F9               	movwf	??_antirrebotes
  1496  018B  0879               	movf	??_antirrebotes,w
  1497  018C  07F0               	addwf	_bot_retorno,f
  1498  018D                     l1029:
  1499                           
  1500                           ;main_proyecto1.c: 205: if(bot_retorno>=2)
  1501  018D  3002               	movlw	2
  1502  018E  0270               	subwf	_bot_retorno,w
  1503  018F  1C03               	skipc
  1504  0190  2992               	goto	u351
  1505  0191  2993               	goto	u350
  1506  0192                     u351:
  1507  0192  2994               	goto	l103
  1508  0193                     u350:
  1509  0193                     l1031:
  1510                           
  1511                           ;main_proyecto1.c: 206: bot_retorno=0;
  1512  0193  01F0               	clrf	_bot_retorno
  1513  0194                     l103:
  1514  0194  0008               	return
  1515  0195                     __end_of_antirrebotes:
  1516                           
  1517                           	psect	text7
  1518  01C4                     __ptext7:	
  1519 ;; *************** function _isr *****************
  1520 ;; Defined at:
  1521 ;;		line 76 in file "C:/Users/Andy Bonilla/Documents/GitHub/PCBs/Proyecto1/Proyecto1_PCBS.X/main_proyecto1.c"
  1522 ;; Parameters:    Size  Location     Type
  1523 ;;		None
  1524 ;; Auto vars:     Size  Location     Type
  1525 ;;		None
  1526 ;; Return value:  Size  Location     Type
  1527 ;;                  1    wreg      void 
  1528 ;; Registers used:
  1529 ;;		wreg, fsr0l, fsr0h, status,2, status,0
  1530 ;; Tracked objects:
  1531 ;;		On entry : 0/0
  1532 ;;		On exit  : 0/0
  1533 ;;		Unchanged: 0/0
  1534 ;; Data sizes:     COMMON   BANK0   BANK1   BANK3   BANK2
  1535 ;;      Params:         0       0       0       0       0
  1536 ;;      Locals:         0       0       0       0       0
  1537 ;;      Temps:          3       0       0       0       0
  1538 ;;      Totals:         3       0       0       0       0
  1539 ;;Total ram usage:        3 bytes
  1540 ;; Hardware stack levels used: 1
  1541 ;; This function calls:
  1542 ;;		Nothing
  1543 ;; This function is called by:
  1544 ;;		Interrupt level 1
  1545 ;; This function uses a non-reentrant model
  1546 ;;
  1547                           
  1548                           
  1549                           ;psect for function _isr
  1550  01C4                     _isr:
  1551  01C4                     i1l821:
  1552                           
  1553                           ;main_proyecto1.c: 79: if (INTCONbits.RBIF)
  1554  01C4  1C0B               	btfss	11,0	;volatile
  1555  01C5  29C7               	goto	u10_21
  1556  01C6  29C8               	goto	u10_20
  1557  01C7                     u10_21:
  1558  01C7  29E4               	goto	i1l70
  1559  01C8                     u10_20:
  1560  01C8  29D6               	goto	i1l829
  1561  01C9                     i1l825:
  1562                           
  1563                           ;main_proyecto1.c: 84: antirrebote1=0;
  1564  01C9  01F5               	clrf	_antirrebote1
  1565                           
  1566                           ;main_proyecto1.c: 85: antirrebote2=0;
  1567  01CA  01F4               	clrf	_antirrebote2
  1568                           
  1569                           ;main_proyecto1.c: 86: antirrebote3=0;
  1570  01CB  01F3               	clrf	_antirrebote3
  1571                           
  1572                           ;main_proyecto1.c: 87: break;
  1573  01CC  29E3               	goto	i1l66
  1574  01CD                     i1l67:	
  1575                           ;main_proyecto1.c: 88: case(0b11111110):
  1576                           
  1577                           
  1578                           ;main_proyecto1.c: 89: antirrebote1=1;
  1579  01CD  01F5               	clrf	_antirrebote1
  1580  01CE  0AF5               	incf	_antirrebote1,f
  1581                           
  1582                           ;main_proyecto1.c: 90: break;
  1583  01CF  29E3               	goto	i1l66
  1584  01D0                     i1l68:	
  1585                           ;main_proyecto1.c: 91: case(0b11111101):
  1586                           
  1587                           
  1588                           ;main_proyecto1.c: 92: antirrebote2=1;
  1589  01D0  01F4               	clrf	_antirrebote2
  1590  01D1  0AF4               	incf	_antirrebote2,f
  1591                           
  1592                           ;main_proyecto1.c: 93: break;
  1593  01D2  29E3               	goto	i1l66
  1594  01D3                     i1l69:	
  1595                           ;main_proyecto1.c: 94: case(0b11111100):
  1596                           
  1597                           
  1598                           ;main_proyecto1.c: 95: antirrebote3=1;
  1599  01D3  01F3               	clrf	_antirrebote3
  1600  01D4  0AF3               	incf	_antirrebote3,f
  1601                           
  1602                           ;main_proyecto1.c: 96: break;
  1603  01D5  29E3               	goto	i1l66
  1604  01D6                     i1l829:
  1605  01D6  1283               	bcf	3,5	;RP0=0, select bank0
  1606  01D7  1303               	bcf	3,6	;RP1=0, select bank0
  1607  01D8  0806               	movf	6,w	;volatile
  1608                           
  1609                           ; Switch size 1, requested type "simple"
  1610                           ; Number of cases is 3, Range of values is 252 to 254
  1611                           ; switch strategies available:
  1612                           ; Name         Instructions Cycles
  1613                           ; simple_byte           10     6 (average)
  1614                           ; direct_byte           20    11 (fixed)
  1615                           ; jumptable            263     9 (fixed)
  1616                           ;	Chosen strategy is simple_byte
  1617  01D9  3AFC               	xorlw	252	; case 252
  1618  01DA  1903               	skipnz
  1619  01DB  29D3               	goto	i1l69
  1620  01DC  3A01               	xorlw	1	; case 253
  1621  01DD  1903               	skipnz
  1622  01DE  29D0               	goto	i1l68
  1623  01DF  3A03               	xorlw	3	; case 254
  1624  01E0  1903               	skipnz
  1625  01E1  29CD               	goto	i1l67
  1626  01E2  29C9               	goto	i1l825
  1627  01E3                     i1l66:
  1628                           
  1629                           ;main_proyecto1.c: 98: INTCONbits.RBIF=0;
  1630  01E3  100B               	bcf	11,0	;volatile
  1631  01E4                     i1l70:
  1632  01E4  0878               	movf	??_isr+2,w
  1633  01E5  008A               	movwf	10
  1634  01E6  0877               	movf	??_isr+1,w
  1635  01E7  0084               	movwf	4
  1636  01E8  0E76               	swapf	??_isr,w
  1637  01E9  0083               	movwf	3
  1638  01EA  0EFE               	swapf	btemp,f
  1639  01EB  0E7E               	swapf	btemp,w
  1640  01EC  0009               	retfie
  1641  01ED                     __end_of_isr:
  1642  007E                     btemp	set	126	;btemp
  1643  007E                     wtemp0	set	126
  1644                           
  1645                           	psect	intentry
  1646  0004                     __pintentry:	
  1647                           ;incstack = 0
  1648                           ; Regs used in _isr: [wreg-fsr0h+status,2+status,0]
  1649                           
  1650  0004                     interrupt_function:
  1651  007E                     saved_w	set	btemp
  1652  0004  00FE               	movwf	btemp
  1653  0005  0E03               	swapf	3,w
  1654  0006  00F6               	movwf	??_isr
  1655  0007  0804               	movf	4,w
  1656  0008  00F7               	movwf	??_isr+1
  1657  0009  080A               	movf	10,w
  1658  000A  00F8               	movwf	??_isr+2
  1659  000B  120A  118A  29C4   	ljmp	_isr
  1660                           
  1661                           	psect	config
  1662                           
  1663                           ;Config register CONFIG1 @ 0x2007
  1664                           ;	Oscillator Selection bits
  1665                           ;	FOSC = INTRC_NOCLKOUT, INTOSCIO oscillator: I/O function on RA6/OSC2/CLKOUT pin, I/O f
      +                          unction on RA7/OSC1/CLKIN
  1666                           ;	Watchdog Timer Enable bit
  1667                           ;	WDTE = OFF, WDT disabled and can be enabled by SWDTEN bit of the WDTCON register
  1668                           ;	Power-up Timer Enable bit
  1669                           ;	PWRTE = OFF, PWRT disabled
  1670                           ;	RE3/MCLR pin function select bit
  1671                           ;	MCLRE = OFF, RE3/MCLR pin function is digital input, MCLR internally tied to VDD
  1672                           ;	Code Protection bit
  1673                           ;	CP = OFF, Program memory code protection is disabled
  1674                           ;	Data Code Protection bit
  1675                           ;	CPD = OFF, Data memory code protection is disabled
  1676                           ;	Brown Out Reset Selection bits
  1677                           ;	BOREN = OFF, BOR disabled
  1678                           ;	Internal External Switchover bit
  1679                           ;	IESO = OFF, Internal/External Switchover mode is disabled
  1680                           ;	Fail-Safe Clock Monitor Enabled bit
  1681                           ;	FCMEN = OFF, Fail-Safe Clock Monitor is disabled
  1682                           ;	Low Voltage Programming Enable bit
  1683                           ;	LVP = OFF, RB3 pin has digital I/O, HV on MCLR must be used for programming
  1684                           ;	In-Circuit Debugger Mode bit
  1685                           ;	DEBUG = 0x1, unprogrammed default
  1686  2007                     	org	8199
  1687  2007  20D4               	dw	8404
  1688                           
  1689                           ;Config register CONFIG2 @ 0x2008
  1690                           ;	Brown-out Reset Selection bit
  1691                           ;	BOR4V = BOR40V, Brown-out Reset set to 4.0V
  1692                           ;	Flash Program Memory Self Write Enable bits
  1693                           ;	WRT = OFF, Write protection off
  1694  2008                     	org	8200
  1695  2008  3FFF               	dw	16383

Data Sizes:
    Strings     0
    Constant    0
    Data        16
    BSS         7
    Persistent  0
    Stack       0

Auto Spaces:
    Space          Size  Autos    Used
    COMMON           14      4      10
    BANK0            80      4      21
    BANK1            80      0       0
    BANK3            96      0       0
    BANK2            96      0       0

Pointer List with Targets:

    None.

Critical Paths under _main in COMMON

    _main->_antirrebotes
    _main->_motor_encendido
    _main->_retorno_motor
    _setup->_osc_config

Critical Paths under _isr in COMMON

    None.

Critical Paths under _main in BANK0

    None.

Critical Paths under _isr in BANK0

    None.

Critical Paths under _main in BANK1

    None.

Critical Paths under _isr in BANK1

    None.

Critical Paths under _main in BANK3

    None.

Critical Paths under _isr in BANK3

    None.

Critical Paths under _main in BANK2

    None.

Critical Paths under _isr in BANK2

    None.

Call Graph Tables:

 ---------------------------------------------------------------------------------
 (Depth) Function   	        Calls       Base Space   Used Autos Params    Refs
 ---------------------------------------------------------------------------------
 (0) _main                                                 4     4      0     158
                                              0 BANK0      4     4      0
                       _antirrebotes
                      _motor_apagado
                    _motor_encendido
                      _retorno_motor
                              _setup
 ---------------------------------------------------------------------------------
 (1) _setup                                                0     0      0      22
                         _osc_config
 ---------------------------------------------------------------------------------
 (2) _osc_config                                           1     1      0      22
                                              3 COMMON     1     1      0
 ---------------------------------------------------------------------------------
 (1) _retorno_motor                                        1     1      0       0
                                              3 COMMON     1     1      0
 ---------------------------------------------------------------------------------
 (1) _motor_encendido                                      1     1      0       0
                                              3 COMMON     1     1      0
 ---------------------------------------------------------------------------------
 (1) _motor_apagado                                        0     0      0       0
 ---------------------------------------------------------------------------------
 (1) _antirrebotes                                         1     1      0       0
                                              3 COMMON     1     1      0
 ---------------------------------------------------------------------------------
 Estimated maximum stack depth 2
 ---------------------------------------------------------------------------------
 (Depth) Function   	        Calls       Base Space   Used Autos Params    Refs
 ---------------------------------------------------------------------------------
 (3) _isr                                                  3     3      0       0
                                              0 COMMON     3     3      0
 ---------------------------------------------------------------------------------
 Estimated maximum stack depth 3
 ---------------------------------------------------------------------------------

 Call Graph Graphs:

 _main (ROOT)
   _antirrebotes
   _motor_apagado
   _motor_encendido
   _retorno_motor
   _setup
     _osc_config

 _isr (ROOT)

 Address spaces:
Name               Size   Autos  Total    Cost      Usage
BANK3               60      0       0       9        0.0%
BITBANK3            60      0       0       8        0.0%
SFR3                 0      0       0       4        0.0%
BITSFR3              0      0       0       4        0.0%
BANK2               60      0       0      11        0.0%
BITBANK2            60      0       0      10        0.0%
SFR2                 0      0       0       5        0.0%
BITSFR2              0      0       0       5        0.0%
BANK1               50      0       0       7        0.0%
BITBANK1            50      0       0       6        0.0%
SFR1                 0      0       0       2        0.0%
BITSFR1              0      0       0       2        0.0%
BANK0               50      4      15       5       26.2%
BITBANK0            50      0       0       4        0.0%
SFR0                 0      0       0       1        0.0%
BITSFR0              0      0       0       1        0.0%
COMMON               E      4       A       1       71.4%
BITCOMMON            E      0       0       0        0.0%
CODE                 0      0       0       0        0.0%
DATA                 0      0      1F      12        0.0%
ABS                  0      0      1F       3        0.0%
NULL                 0      0       0       0        0.0%
STACK                0      0       0       2        0.0%
EEDATA             100      0       0       0        0.0%


Microchip Technology PIC Macro Assembler V2.32 build 20210201212658 
Symbol Table                                                                                   Fri Sep 10 01:44:21 2021

           ?_antirrebotes 0076                         pc 0002                        l91 0210  
                      fsr 0004                       l103 0194                       l112 00F1  
                     l106 014A                       l123 01C3                       l109 0237  
                     l941 019D                       l951 01AF                       l943 019F  
                     l953 01B3                       l945 01A5                       l937 0196  
                     l961 01F4                       l947 01A7                       l939 0197  
                     l971 0206                       l963 01F5                       l949 01AD  
                     l957 01B5                       l981 020B                       l973 0207  
                     l965 01F6                       l991 014B                       l983 020C  
                     l975 0208                       l967 01FD                       l959 01ED  
                     l993 0150                       l985 020D                       l977 0209  
                     l969 0203                       l995 0156                       l987 020E  
                     l979 020A                       l997 0157                       l989 020F  
                     l999 015B                       u300 016B                       u301 016A  
                     u310 0171                       u311 0170                       u320 017C  
                     u400 0067                       u321 017B                       u401 0066  
                     u330 0182                       u410 006C                       u331 0181  
                     u411 006B                       u340 0188                       u420 0071  
                     u341 0187                       u421 0070                       u350 0193  
                     u270 0150                       u430 008F                       u351 0192  
                     u271 014F                       u431 008E                       u280 0156  
                     u360 0039                       u281 0155                       u361 0038  
                     u290 0165                       u370 003E                       u291 0164  
                     u507 00E1                       u435 008B                       u371 003D  
                     u380 0043                       u517 00EC                       u381 0042  
                     u390 0061                       u527 00F8                       u447 009F  
                     u391 0060                       u537 0103                       u457 00AA  
                     u547 010E                       u467 00B5                       u395 005D  
                     u557 0119                       u477 00C0                       u567 0124  
                     u487 00CB                       u577 012F                       u497 00D6  
                     u587 013A                       u597 0145                       _isr 01C4  
                     fsr0 0004                       indf 0000           ??_retorno_motor 0079  
                    l1001 015F                      l1011 0171                      l1003 0165  
                    l1021 017D                      l1013 0172                      l1023 0182  
                    l1031 0193                      l1015 0176                      l1007 0166  
                    l1025 0188                      l1009 016B                      l1017 017C  
                    l1041 0234                      l1027 0189                      l1051 003E  
                    l1043 002A                      l1029 018D                      l1037 00F2  
                    l1061 004C                      l1053 0043                      l1045 002F  
                    l1039 0099                      l1071 0071                      l1063 0054  
                    l1047 0034                      l1081 0082                      l1049 0039  
                    l1065 0062                      l1067 0067                      l1083 0090  
                    l1059 0047                      l1077 0075                      l1069 006C  
                    l1079 007A                      l1089 0090                      ?_isr 0076  
                    i1l70 01E4                      i1l66 01E3                      i1l67 01CD  
                    i1l68 01D0                      i1l69 01D3                      _main 002A  
                    btemp 007E                      start 000E            osc_config@freq 0079  
          ??_antirrebotes 0079                     ??_isr 0076                     ?_main 0076  
                   _ANSEL 0188                     i1l821 01C4                     i1l825 01C9  
                   i1l829 01D6                     u10_20 01C8                     u10_21 01C7  
                   _PORTA 0005                     _PORTB 0006                     _PORTD 0008  
                   _TRISA 0085                     _TRISD 0088                     _setup 01ED  
                   main@i 0030                     pclath 000A                     status 0003  
                   wtemp0 007E           __initialization 0011              __end_of_main 0099  
                  ??_main 007A                    ?_setup 0076                    _ANSELH 0189  
                  saved_w 007E           _motor_encendido 00F2      __end_of_antirrebotes 0195  
 __end_of__initialization 0026            __pcstackCOMMON 0076              __pidataBANK0 0224  
           __end_of_setup 0211            _OPTION_REGbits 0081                   ??_setup 007A  
              __pbssBANK0 0034     __end_of_motor_apagado 0238                __pmaintext 002A  
              __pintentry 0004   __end_of_motor_encendido 014B     __end_of_retorno_motor 00F2  
                 _apagado 0034                   __ptext1 01ED                   __ptext2 0195  
                 __ptext3 0099                   __ptext4 00F2                   __ptext5 0234  
                 __ptext6 014B                   __ptext7 01C4     __size_of_antirrebotes 004A  
            __size_of_isr 0029                   _retorno 0020      end_of_initialization 0026  
              _osc_config 0195              _antirrebote1 0075              _antirrebote2 0074  
            _antirrebote3 0073              _antirrebotes 014B                 _PORTBbits 0006  
        ?_motor_encendido 0076                 _TRISBbits 0086       start_initialization 0011  
             __end_of_isr 01ED               ?_osc_config 0076                init_fetch0 0211  
             __pdataBANK0 0020               __pbssCOMMON 0070                 ___latbits 0002  
           __pcstackBANK0 0030                 _encendido 0028       __size_of_osc_config 002F  
  __size_of_motor_apagado 0004            __size_of_setup 0024         interrupt_function 0004  
                _IOCBbits 0096               _bot_apagado 0071               _bot_retorno 0070  
  __size_of_retorno_motor 0059                 main@i_240 0032                  _WPUBbits 0095  
           _motor_apagado 0234  __size_of_motor_encendido 0059             _retorno_motor 0099  
            ??_osc_config 0079             __size_of_main 006F            ?_motor_apagado 0076  
              _INTCONbits 000B        __end_of_osc_config 01C4             _bot_encendido 0072  
                init_ram0 0215            ?_retorno_motor 0076                  intlevel1 0000  
              _OSCCONbits 008F         ??_motor_encendido 0079           ??_motor_apagado 0079  
